2022-01-06 15:24:16 INFO  LoggersExample:20 - Opened OpenCart Application successfully
  2022-01-06 15:25:46 INFO  LoggersExample:20 - Opened OpenCart Application successfully
  2022-01-06 15:26:05 INFO  LoggersExample:20 - Opened OpenCart Application successfully
  2022-01-06 15:47:22 INFO  LoggersExample:20 - Opened OpenCart Application successfully
  2022-01-06 16:39:57 INFO  LoggersExample:21 - Opened OpenCart Application successfully
  2022-01-06 17:11:10 INFO  LoggersExample:80 - Print subtotoal successfully
  2022-01-06 17:12:53 INFO  LoggersExample:81 - Print subtotoal successfully
  2022-01-06 17:16:24 INFO  LoggersExample:78 - Cleared existing count
  2022-01-06 17:16:24 INFO  LoggersExample:80 - Updated value of count 10 is given
  2022-01-06 17:16:25 INFO  LoggersExample:83 - Updated successfully
  2022-01-06 17:16:25 INFO  LoggersExample:86 - Print subtotoal successfully
  2022-01-06 17:17:49 INFO  LoggersExample:78 - Cleared existing count
  2022-01-06 17:17:49 INFO  LoggersExample:80 - Updated value of count 10 is given
  2022-01-06 17:17:50 INFO  LoggersExample:83 - Updated successfully
  2022-01-06 17:17:50 INFO  LoggersExample:86 - Print subtotoal successfully
  2022-01-06 17:17:50 INFO  LoggersExample:88 - Chrome closed successfully!!!
  2022-01-06 17:30:05 INFO  LoggersExample:80 - Cleared existing count
  2022-01-06 17:30:05 INFO  LoggersExample:82 - Updated value of count 10 is given
  2022-01-06 17:30:06 INFO  LoggersExample:85 - Updated successfully
  2022-01-06 17:30:06 INFO  LoggersExample:88 - Print subtotoal successfully
  2022-01-06 17:30:06 INFO  LoggersExample:97 - Chrome closed successfully!!!
  2022-01-07 10:40:17 INFO  LoggersExample:80 - Cleared existing count
  2022-01-07 10:40:17 INFO  LoggersExample:82 - Updated value of count 10 is given
  2022-01-07 10:40:17 INFO  LoggersExample:85 - Updated successfully
  2022-01-07 10:40:17 INFO  LoggersExample:88 - Print subtotoal successfully
  2022-01-07 10:40:17 INFO  LoggersExample:97 - Chrome closed successfully!!!
  2022-01-07 10:50:26 INFO  LoggersExample:97 - Cleared existing count
  2022-01-07 10:50:26 INFO  LoggersExample:99 - Updated value of count 10 is given
  2022-01-07 10:50:26 INFO  LoggersExample:102 - Updated successfully
  2022-01-07 10:50:26 INFO  LoggersExample:105 - Print subtotoal successfully
  2022-01-07 10:50:27 INFO  LoggersExample:114 - Chrome closed successfully!!!
  2022-01-07 10:51:51 INFO  LoggersExample:79 - Cleared existing count
  2022-01-07 10:51:52 INFO  LoggersExample:81 - Updated value of count 10 is given
  2022-01-07 10:51:52 INFO  LoggersExample:84 - Updated successfully
  2022-01-07 10:51:52 INFO  LoggersExample:87 - Print subtotoal successfully
  2022-01-07 10:52:48 INFO  LoggersExample:79 - Cleared existing count
  2022-01-07 10:52:48 INFO  LoggersExample:81 - Updated value of count 10 is given
  2022-01-07 10:52:48 INFO  LoggersExample:84 - Updated successfully
  2022-01-07 10:52:48 INFO  LoggersExample:87 - Print subtotoal successfully
  2022-01-07 10:53:27 INFO  LoggersExample:79 - Cleared existing count
  2022-01-07 10:53:27 INFO  LoggersExample:81 - Updated value of count 10 is given
  2022-01-07 10:53:27 INFO  LoggersExample:84 - Updated successfully
  2022-01-07 10:53:27 INFO  LoggersExample:87 - Print subtotoal successfully
  2022-01-07 10:59:24 INFO  LoggersExample:79 - Cleared existing count
  2022-01-07 10:59:24 INFO  LoggersExample:81 - Updated value of count 10 is given
  2022-01-07 10:59:24 INFO  LoggersExample:84 - Updated successfully
  2022-01-07 10:59:24 INFO  LoggersExample:87 - Print subtotoal successfully
  2022-01-07 11:00:15 INFO  LoggersExample:79 - Cleared existing count
  2022-01-07 11:00:15 INFO  LoggersExample:81 - Updated value of count 10 is given
  2022-01-07 11:00:16 INFO  LoggersExample:84 - Updated successfully
  2022-01-07 11:00:16 INFO  LoggersExample:87 - Print subtotoal successfully
  2022-01-07 11:01:33 INFO  LoggersExample:79 - Cleared existing count
  2022-01-07 11:01:33 INFO  LoggersExample:81 - Updated value of count 10 is given
  2022-01-07 11:01:34 INFO  LoggersExample:84 - Updated successfully
  2022-01-07 11:01:34 INFO  LoggersExample:87 - Print subtotoal successfully
  2022-01-07 11:01:35 INFO  LoggersExample:107 - Chrome closed successfully!!!
  2022-01-07 11:03:39 INFO  LoggersExample:79 - Cleared existing count
  2022-01-07 11:03:39 INFO  LoggersExample:81 - Updated value of count 10 is given
  2022-01-07 11:03:39 INFO  LoggersExample:84 - Updated successfully
  2022-01-07 11:03:39 INFO  LoggersExample:87 - Print subtotoal successfully
  2022-01-07 11:03:40 INFO  LoggersExample:107 - Chrome closed successfully!!!
  2022-01-07 11:04:08 INFO  LoggersExample:79 - Cleared existing count
  2022-01-07 11:04:08 INFO  LoggersExample:81 - Updated value of count 10 is given
  2022-01-07 11:04:08 INFO  LoggersExample:84 - Updated successfully
  2022-01-07 11:04:08 INFO  LoggersExample:87 - Print subtotoal successfully
  2022-01-07 11:07:36 INFO  LoggersExample:79 - Cleared existing count
  2022-01-07 11:07:36 INFO  LoggersExample:81 - Updated value of count 10 is given
  2022-01-07 11:07:36 INFO  LoggersExample:84 - Updated successfully
  2022-01-07 11:07:36 INFO  LoggersExample:87 - Print subtotoal successfully
  2022-01-07 11:07:37 INFO  LoggersExample:108 - Chrome closed successfully!!!
  2022-01-07 11:11:02 INFO  LoggersExample:79 - Cleared existing count
  2022-01-07 11:11:02 INFO  LoggersExample:81 - Updated value of count 10 is given
  2022-01-07 11:11:02 INFO  LoggersExample:84 - Updated successfully
  2022-01-07 11:11:02 INFO  LoggersExample:87 - Print subtotoal successfully
  2022-01-07 11:12:29 INFO  LoggersExample:79 - Cleared existing count
  2022-01-07 11:12:29 INFO  LoggersExample:81 - Updated value of count 10 is given
  2022-01-07 11:12:29 INFO  LoggersExample:84 - Updated successfully
  2022-01-07 11:12:29 INFO  LoggersExample:87 - Print subtotoal successfully
  2022-01-07 11:21:58 INFO  LoggersExample:79 - Cleared existing count
  2022-01-07 11:21:58 INFO  LoggersExample:81 - Updated value of count 10 is given
  2022-01-07 11:21:59 INFO  LoggersExample:84 - Updated successfully
  2022-01-07 11:21:59 INFO  LoggersExample:87 - Print subtotoal successfully
  2022-01-07 11:21:59 INFO  LoggersExample:119 - Chrome closed successfully!!!
  2022-01-07 11:23:12 INFO  LoggersExample:79 - Cleared existing count
  2022-01-07 11:23:12 INFO  LoggersExample:81 - Updated value of count 10 is given
  2022-01-07 11:23:14 INFO  LoggersExample:84 - Updated successfully
  2022-01-07 11:23:14 INFO  LoggersExample:87 - Print subtotoal successfully
  2022-01-07 11:23:16 INFO  LoggersExample:119 - Chrome closed successfully!!!
  2022-01-07 11:24:25 INFO  LoggersExample:79 - Cleared existing count
  2022-01-07 11:24:25 INFO  LoggersExample:81 - Updated value of count 10 is given
  2022-01-07 11:24:27 INFO  LoggersExample:84 - Updated successfully
  2022-01-07 11:24:27 INFO  LoggersExample:87 - Print subtotoal successfully
  2022-01-07 11:24:29 INFO  LoggersExample:116 - Chrome closed successfully!!!
  2022-01-07 11:29:16 INFO  LoggersExample:79 - Cleared existing count
  2022-01-07 11:29:16 INFO  LoggersExample:81 - Updated value of count 10 is given
  2022-01-07 11:29:18 INFO  LoggersExample:84 - Updated successfully
  2022-01-07 11:29:18 INFO  LoggersExample:87 - Print subtotoal successfully
  2022-01-07 11:29:20 INFO  LoggersExample:136 - Chrome closed successfully!!!
  2022-01-07 14:10:01 INFO  LoggersExample:42 - Chrome closed successfully!!!
  2022-01-07 14:12:10 INFO  LoggersExample:42 - Chrome closed successfully!!!
  2022-01-07 14:13:12 INFO  LoggersExample:42 - Chrome closed successfully!!!
  2022-01-07 14:17:14 INFO  LoggersExample:32 - Chrome opened successfully!!!
  2022-01-07 14:17:16 INFO  LoggersExample:58 - Chrome closed successfully!!!
  2022-01-07 14:18:22 INFO  LoggersExample:32 - Chrome opened successfully!!!
  2022-01-07 14:18:23 INFO  LoggersExample:57 - Chrome closed successfully!!!
  2022-01-07 14:22:23 INFO  LoggersExample:32 - Chrome opened successfully!!!
  2022-01-07 14:22:26 INFO  LoggersExample:91 - Chrome closed successfully!!!
  2022-01-07 14:24:08 INFO  LoggersExample:32 - Chrome opened successfully!!!
  2022-01-07 14:24:09 INFO  LoggersExample:49 - Converted to Euro currency successfully
  2022-01-07 14:24:10 INFO  LoggersExample:63 - Clicked on pound drop-down link
  2022-01-07 14:24:10 INFO  LoggersExample:67 - Converted to pound currency successfully
  2022-01-07 14:24:10 INFO  LoggersExample:79 - Clicked on Dollar drop-down link
  2022-01-07 14:24:10 INFO  LoggersExample:83 - Converted to US Dollar currency successfully
  2022-01-07 14:24:10 INFO  LoggersExample:91 - Chrome closed successfully!!!
  2022-01-07 14:25:00 INFO  LoggersExample:32 - Chrome opened successfully!!!
  2022-01-07 14:25:00 INFO  LoggersExample:43 - Clicked on Euro drop-down link
  2022-01-07 14:25:00 INFO  LoggersExample:49 - Converted to Euro currency successfully
  2022-01-07 14:25:01 INFO  LoggersExample:63 - Clicked on pound drop-down link
  2022-01-07 14:25:01 INFO  LoggersExample:67 - Converted to pound currency successfully
  2022-01-07 14:25:02 INFO  LoggersExample:79 - Clicked on Dollar drop-down link
  2022-01-07 14:25:02 INFO  LoggersExample:83 - Converted to US Dollar currency successfully
  2022-01-07 14:25:02 INFO  LoggersExample:91 - Chrome closed successfully!!!
  2022-01-07 18:25:53 INFO  LoggersExample:105 - Cleared existing count
  2022-01-07 18:25:53 INFO  LoggersExample:107 - Updated value of count 10 is given
  2022-01-07 18:25:54 INFO  LoggersExample:110 - Updated successfully
  2022-01-07 18:25:54 INFO  LoggersExample:113 - Print subtotoal successfully
  2022-01-07 18:25:54 INFO  LoggersExample:158 - Chrome closed successfully!!!
  2022-01-07 18:27:01 INFO  LoggersExample:105 - Cleared existing count
  2022-01-07 18:27:01 INFO  LoggersExample:107 - Updated value of count 10 is given
  2022-01-07 18:27:02 INFO  LoggersExample:110 - Updated successfully
  2022-01-07 18:27:02 INFO  LoggersExample:113 - Print subtotoal successfully
  2022-01-07 18:27:02 INFO  LoggersExample:158 - Chrome closed successfully!!!
  2022-01-10 15:18:30 INFO  LoggersExample:152 - Chrome closed successfully!!!
  2022-01-10 15:20:37 INFO  LoggersExample:152 - Chrome closed successfully!!!
  2022-01-10 15:27:26 INFO  LoggersExample:152 - Chrome closed successfully!!!
  2022-01-10 15:29:40 INFO  LoggersExample:152 - Chrome closed successfully!!!
  2022-01-10 15:37:46 INFO  LoggersExample:152 - Chrome closed successfully!!!
  2022-01-10 16:08:05 INFO  LoggersExample:152 - Chrome closed successfully!!!
  